0 info it worked if it ends with ok
1 verbose cli [ 'c:\\Program Files (x86)\\nodejs\\node.exe',
1 verbose cli   'c:\\Program Files (x86)\\nodejs\\node_modules\\npm\\bin\\npm-cli.js',
1 verbose cli   'install',
1 verbose cli   'sublime-3' ]
2 info using npm@1.4.28
3 info using node@v0.10.32
4 verbose cache add [ 'sublime-3', null ]
5 verbose cache add name=undefined spec="sublime-3" args=["sublime-3",null]
6 verbose parsed url { protocol: null,
6 verbose parsed url   slashes: null,
6 verbose parsed url   auth: null,
6 verbose parsed url   host: null,
6 verbose parsed url   port: null,
6 verbose parsed url   hostname: null,
6 verbose parsed url   hash: null,
6 verbose parsed url   search: null,
6 verbose parsed url   query: null,
6 verbose parsed url   pathname: 'sublime-3',
6 verbose parsed url   path: 'sublime-3',
6 verbose parsed url   href: 'sublime-3' }
7 silly lockFile 9a13ed1c-sublime-3 sublime-3
8 verbose lock sublime-3 C:\Users\Chi Kei Chan\AppData\Roaming\npm-cache\9a13ed1c-sublime-3.lock
9 silly lockFile 9a13ed1c-sublime-3 sublime-3
10 silly lockFile 9a13ed1c-sublime-3 sublime-3
11 verbose addNamed [ 'sublime-3', '' ]
12 verbose addNamed [ null, '*' ]
13 silly lockFile b3f32eda-sublime-3 sublime-3@
14 verbose lock sublime-3@ C:\Users\Chi Kei Chan\AppData\Roaming\npm-cache\b3f32eda-sublime-3.lock
15 silly addNameRange { name: 'sublime-3', range: '*', hasData: false }
16 verbose request where is /sublime-3
17 verbose request registry https://registry.npmjs.org/
18 verbose request id eb2c9be65baef041
19 verbose url raw /sublime-3
20 verbose url resolving [ 'https://registry.npmjs.org/', './sublime-3' ]
21 verbose url resolved https://registry.npmjs.org/sublime-3
22 verbose request where is https://registry.npmjs.org/sublime-3
23 info trying registry request attempt 1 at 15:22:12
24 http GET https://registry.npmjs.org/sublime-3
25 http 404 https://registry.npmjs.org/sublime-3
26 verbose headers { date: 'Sun, 11 Jan 2015 23:22:45 GMT',
26 verbose headers   server: 'CouchDB/1.5.0 (Erlang OTP/R16B03)',
26 verbose headers   'content-type': 'application/json',
26 verbose headers   'cache-control': 'max-age=0',
26 verbose headers   'content-length': '52',
26 verbose headers   'accept-ranges': 'bytes',
26 verbose headers   via: '1.1 varnish',
26 verbose headers   age: '0',
26 verbose headers   'x-served-by': 'cache-lax1434-LAX',
26 verbose headers   'x-cache': 'MISS',
26 verbose headers   'x-cache-hits': '0',
26 verbose headers   'x-timer': 'S1421018565.167399,VS0,VE177',
26 verbose headers   'keep-alive': 'timeout=10, max=50',
26 verbose headers   connection: 'Keep-Alive' }
27 silly registry.get cb [ 404,
27 silly registry.get   { date: 'Sun, 11 Jan 2015 23:22:45 GMT',
27 silly registry.get     server: 'CouchDB/1.5.0 (Erlang OTP/R16B03)',
27 silly registry.get     'content-type': 'application/json',
27 silly registry.get     'cache-control': 'max-age=0',
27 silly registry.get     'content-length': '52',
27 silly registry.get     'accept-ranges': 'bytes',
27 silly registry.get     via: '1.1 varnish',
27 silly registry.get     age: '0',
27 silly registry.get     'x-served-by': 'cache-lax1434-LAX',
27 silly registry.get     'x-cache': 'MISS',
27 silly registry.get     'x-cache-hits': '0',
27 silly registry.get     'x-timer': 'S1421018565.167399,VS0,VE177',
27 silly registry.get     'keep-alive': 'timeout=10, max=50',
27 silly registry.get     connection: 'Keep-Alive' } ]
28 silly lockFile b3f32eda-sublime-3 sublime-3@
29 silly lockFile b3f32eda-sublime-3 sublime-3@
30 error 404 404 Not Found: sublime-3
30 error 404
30 error 404 'sublime-3' is not in the npm registry.
30 error 404 You should bug the author to publish it
30 error 404
30 error 404 Note that you can also install from a
30 error 404 tarball, folder, or http url, or git url.
31 error System Windows_NT 6.1.7601
32 error command "c:\\Program Files (x86)\\nodejs\\node.exe" "c:\\Program Files (x86)\\nodejs\\node_modules\\npm\\bin\\npm-cli.js" "install" "sublime-3"
33 error cwd c:\Users\Chi Kei Chan\Documents\GitHub\WeiqiJS
34 error node -v v0.10.32
35 error npm -v 1.4.28
36 error code E404
37 verbose exit [ 1, true ]
